Arguments: 
  C:\Program Files\nodejs\node.exe C:\Users\densa\AppData\Roaming\npm\node_modules\yarn\bin\yarn.js add -D webpack webpack-cli typescriptts-node ts-loader

PATH: 
  C:\Program Files (x86)\Common Files\Oracle\Java\javapath;C:\windows\system32;C:\windows;C:\windows\System32\Wbem;C:\windows\System32\WindowsPowerShell\v1.0\;C:\windows\System32\OpenSSH\;C:\Program Files (x86)\NVIDIA Corporation\PhysX\Common;C:\Program Files\NVIDIA Corporation\NVIDIA NvDLISR;C:\Program Files\Git\cmd;%NVM_HOME%;%NVM_SYMLINK%;C:\Program Files\dotnet\;C:\Program Files\Docker\Docker\resources\bin;C:\Program Files\Go\bin;C:\Users\densa\.cargo\bin;C:\Users\densa\AppData\Local\Programs\Python\Python310\Scripts\;C:\Users\densa\AppData\Local\Programs\Python\Python310\;C:\Users\densa\AppData\Local\Microsoft\WindowsApps;C:\Program Files\JetBrains\PyCharm 2021.2.3\bin;;C:\Program Files\JetBrains\PyCharm Community Edition 2021.3.3\bin;;C:\Users\densa\AppData\Local\Programs\Microsoft VS Code\bin;C:\Users\densa\AppData\Roaming\npm;C:\MinGW\bin;C:\Users\densa\AppData\Local\GitHubDesktop\bin;C:\Users\densa\AppData\Roaming\nvm;C:\Program Files\nodejs;C:\Users\densa\.dotnet\tools;C:\Users\densa\go\bin

Yarn version: 
  1.22.19

Node version: 
  19.6.1

Platform: 
  win32 x64

Trace: 
  Error: https://registry.yarnpkg.com/typescriptts-node: Not found
      at params.callback [as _callback] (C:\Users\densa\AppData\Roaming\npm\node_modules\yarn\lib\cli.js:66145:18)
      at self.callback (C:\Users\densa\AppData\Roaming\npm\node_modules\yarn\lib\cli.js:140890:22)
      at Request.emit (node:events:512:28)
      at Request.<anonymous> (C:\Users\densa\AppData\Roaming\npm\node_modules\yarn\lib\cli.js:141862:10)
      at Request.emit (node:events:512:28)
      at IncomingMessage.<anonymous> (C:\Users\densa\AppData\Roaming\npm\node_modules\yarn\lib\cli.js:141784:12)
      at Object.onceWrapper (node:events:626:28)
      at IncomingMessage.emit (node:events:524:35)
      at endReadableNT (node:internal/streams/readable:1359:12)
      at process.processTicksAndRejections (node:internal/process/task_queues:82:21)

npm manifest: 
  {
    "name": "client",
    "version": "1.0.0",
    "main": "index.js",
    "license": "MIT"
  }

yarn manifest: 
  No manifest

Lockfile: 
  No lockfile
